<?xml version="1.0" encoding="UTF-8"?>
<testsuite name="alo"
           tests="1"
           failures="1"
           errors="0"
           skipped="0"
           time="58.870">
    <properties></properties>

            <testcase
                name="test3_BBVV"
                time="58.870"
                classname="VneCSGT.XuLyTNGT">

            <failure type="java.lang.RuntimeException" message="Failed to clear and input text">
                <![CDATA[java.lang.RuntimeException: Failed to clear and input text
                base.ValidateHelpers.clearAndInputText(ValidateHelpers.java:739)base.ValidateHelpers.clickAndInput(ValidateHelpers.java:648)VneCSGT.XuLyTNGT.test3_BBVV(XuLyTNGT.java:198)java.base/jdk.internal.reflect.DirectMethodHandleAccessor.invoke(DirectMethodHandleAccessor.java:103)java.base/java.lang.reflect.Method.invoke(Method.java:580)org.testng.internal.invokers.MethodInvocationHelper.invokeMethod(MethodInvocationHelper.java:139)org.testng.internal.invokers.TestInvoker.invokeMethod(TestInvoker.java:677)org.testng.internal.invokers.TestInvoker.invokeTestMethod(TestInvoker.java:221)org.testng.internal.invokers.MethodRunner.runInSequence(MethodRunner.java:50)org.testng.internal.invokers.TestInvoker$MethodInvocationAgent.invoke(TestInvoker.java:969)org.testng.internal.invokers.TestInvoker.invokeTestMethods(TestInvoker.java:194)org.testng.internal.invokers.TestMethodWorker.invokeTestMethods(TestMethodWorker.java:148)org.testng.internal.invokers.TestMethodWorker.run(TestMethodWorker.java:128)java.base/java.util.ArrayList.forEach(ArrayList.java:1597)org.testng.TestRunner.privateRun(TestRunner.java:829)org.testng.TestRunner.run(TestRunner.java:602)org.testng.SuiteRunner.runTest(SuiteRunner.java:437)org.testng.SuiteRunner.runSequentially(SuiteRunner.java:431)org.testng.SuiteRunner.privateRun(SuiteRunner.java:391)org.testng.SuiteRunner.run(SuiteRunner.java:330)org.testng.SuiteRunnerWorker.runSuite(SuiteRunnerWorker.java:52)org.testng.SuiteRunnerWorker.run(SuiteRunnerWorker.java:95)org.testng.TestNG.runSuitesSequentially(TestNG.java:1256)org.testng.TestNG.runSuitesLocally(TestNG.java:1176)org.testng.TestNG.runSuites(TestNG.java:1099)org.testng.TestNG.run(TestNG.java:1067)com.intellij.rt.testng.IDEARemoteTestNG.run(IDEARemoteTestNG.java:65)com.intellij.rt.testng.RemoteTestNGStarter.main(RemoteTestNGStarter.java:105)
                    Caused by: org.openqa.selenium.InvalidElementStateException: Cannot set the element to 'Phan Táº¥n Trung'. Did you interact with the correct element?
Build info: version: '4.13.0', revision: 'ba948ece5b*'
System info: os.name: 'Windows 10', os.arch: 'amd64', os.version: '10.0', java.version: '23'
Driver info: io.appium.java_client.android.AndroidDriver
Command: [9fa61a60-b5f4-48e2-a37c-e780f533e239, sendKeysToElement {id=00000000-0000-89aa-ffff-ffff00004c08, value=[Ljava.lang.CharSequence;@2f7dcef2}]
Capabilities {appium:autoDismissAlerts: true, appium:autoGrantPermissions: true, appium:automationName: UiAutomator2, appium:databaseEnabled: false, appium:desired: {autoDismissAlerts: true, autoGrantPermissions: true, automationName: UiAutomator2, deviceName: RF8X50FF96M, fullReset: false, noReset: true, platformName: ANDROID, platformVersion: 14, udid: RF8X50FF96M}, appium:deviceApiLevel: 34, appium:deviceManufacturer: samsung, appium:deviceModel: SM-A155F, appium:deviceName: RF8X50FF96M, appium:deviceScreenDensity: 450, appium:deviceScreenSize: 1080x2340, appium:deviceUDID: RF8X50FF96M, appium:fullReset: false, appium:javascriptEnabled: true, appium:locationContextEnabled: false, appium:networkConnectionEnabled: true, appium:noReset: true, appium:pixelRatio: 2.8125, appium:platformVersion: 14, appium:statBarHeight: 80, appium:takesScreenshot: true, appium:udid: RF8X50FF96M, appium:viewportRect: {height: 2260, left: 0, top: 80, width: 1080}, appium:warnings: {}, appium:webStorageEnabled: false, platformName: ANDROID}
Element: [[AndroidDriver:  on ANDROID (9fa61a60-b5f4-48e2-a37c-e780f533e239)] -> xpath: //android.widget.RelativeLayout[@content-desc="1730865632575"]]
Session ID: 9fa61a60-b5f4-48e2-a37c-e780f533e239
                    java.base/jdk.internal.reflect.DirectConstructorHandleAccessor.newInstance(DirectConstructorHandleAccessor.java:62)java.base/java.lang.reflect.Constructor.newInstanceWithCaller(Constructor.java:501)java.base/java.lang.reflect.Constructor.newInstance(Constructor.java:485)org.openqa.selenium.remote.codec.w3c.W3CHttpResponseCodec.createException(W3CHttpResponseCodec.java:200)org.openqa.selenium.remote.codec.w3c.W3CHttpResponseCodec.decode(W3CHttpResponseCodec.java:133)org.openqa.selenium.remote.codec.w3c.W3CHttpResponseCodec.decode(W3CHttpResponseCodec.java:52)org.openqa.selenium.remote.HttpCommandExecutor.execute(HttpCommandExecutor.java:191)io.appium.java_client.remote.AppiumCommandExecutor.execute(AppiumCommandExecutor.java:250)org.openqa.selenium.remote.RemoteWebDriver.execute(RemoteWebDriver.java:602)org.openqa.selenium.remote.RemoteWebElement.execute(RemoteWebElement.java:224)org.openqa.selenium.remote.RemoteWebElement.sendKeys(RemoteWebElement.java:111)base.ValidateHelpers.clearAndInputText(ValidateHelpers.java:737)base.ValidateHelpers.clickAndInput(ValidateHelpers.java:648)VneCSGT.XuLyTNGT.test3_BBVV(XuLyTNGT.java:198)java.base/jdk.internal.reflect.DirectMethodHandleAccessor.invoke(DirectMethodHandleAccessor.java:103)java.base/java.lang.reflect.Method.invoke(Method.java:580)org.testng.internal.invokers.MethodInvocationHelper.invokeMethod(MethodInvocationHelper.java:139)org.testng.internal.invokers.TestInvoker.invokeMethod(TestInvoker.java:677)org.testng.internal.invokers.TestInvoker.invokeTestMethod(TestInvoker.java:221)org.testng.internal.invokers.MethodRunner.runInSequence(MethodRunner.java:50)org.testng.internal.invokers.TestInvoker$MethodInvocationAgent.invoke(TestInvoker.java:969)org.testng.internal.invokers.TestInvoker.invokeTestMethods(TestInvoker.java:194)org.testng.internal.invokers.TestMethodWorker.invokeTestMethods(TestMethodWorker.java:148)org.testng.internal.invokers.TestMethodWorker.run(TestMethodWorker.java:128)java.base/java.util.ArrayList.forEach(ArrayList.java:1597)org.testng.TestRunner.privateRun(TestRunner.java:829)org.testng.TestRunner.run(TestRunner.java:602)org.testng.SuiteRunner.runTest(SuiteRunner.java:437)org.testng.SuiteRunner.runSequentially(SuiteRunner.java:431)org.testng.SuiteRunner.privateRun(SuiteRunner.java:391)org.testng.SuiteRunner.run(SuiteRunner.java:330)org.testng.SuiteRunnerWorker.runSuite(SuiteRunnerWorker.java:52)org.testng.SuiteRunnerWorker.run(SuiteRunnerWorker.java:95)org.testng.TestNG.runSuitesSequentially(TestNG.java:1256)org.testng.TestNG.runSuitesLocally(TestNG.java:1176)org.testng.TestNG.runSuites(TestNG.java:1099)org.testng.TestNG.run(TestNG.java:1067)com.intellij.rt.testng.IDEARemoteTestNG.run(IDEARemoteTestNG.java:65)com.intellij.rt.testng.RemoteTestNGStarter.main(RemoteTestNGStarter.java:105)
                ]]>
            </failure>
    </testcase>


</testsuite>
